<?xml version="1.0" encoding="UTF-8"?>
<testsuite xmlns:xsi="http://www.w3.org/2001/XMLSchema-instance" xsi:schemaLocation="https://maven.apache.org/surefire/maven-surefire-plugin/xsd/surefire-test-report.xsd" name="TestSuite" time="43.46" tests="8" errors="0" skipped="4" failures="1">
  <properties>
[...]
</properties>
  <testcase name="loginTest" classname="com.epam.tat.selenium.tests.MailTest" time="10.069"/>
  <testcase name="composeMailTest" classname="com.epam.tat.selenium.tests.MailTest" time="2.786"/>
  <testcase name="saveMail" classname="com.epam.tat.selenium.tests.MailTest" time="0.172"/>
  <testcase name="checkDraftExists" classname="com.epam.tat.selenium.tests.MailTest" time="15.487">
    <failure message="Element not found in the cache - perhaps the page has changed since it was looked up&#10;Command duration or timeout: 15.19 seconds&#10;For documentation on this error, please visit: http://seleniumhq.org/exceptions/stale_element_reference.html&#10;Build info: version: &apos;2.53.1&apos;, revision: &apos;a36b8b1cd5757287168e54b817830adce9b0158d&apos;, time: &apos;2016-06-30 19:26:09&apos;&#10;System info: host: &apos;EPBYMINW4514&apos;, ip: &apos;10.6.176.34&apos;, os.name: &apos;Windows 7&apos;, os.arch: &apos;amd64&apos;, os.version: &apos;6.1&apos;, java.version: &apos;1.8.0_73&apos;&#10;Driver info: org.openqa.selenium.firefox.FirefoxDriver&#10;Capabilities [{applicationCacheEnabled=true, rotatable=false, handlesAlerts=true, databaseEnabled=true, version=47.0.1, platform=WINDOWS, nativeEvents=false, acceptSslCerts=true, webStorageEnabled=true, locationContextEnabled=true, browserName=firefox, takesScreenshot=true, javascriptEnabled=true, cssSelectorsEnabled=true}]&#10;Session ID: 9215cc9e-25a6-445b-9464-b06cdaadc205" type="org.openqa.selenium.StaleElementReferenceException">org.openqa.selenium.StaleElementReferenceException: 
Element not found in the cache - perhaps the page has changed since it was looked up
Command duration or timeout: 15.19 seconds
For documentation on this error, please visit: http://seleniumhq.org/exceptions/stale_element_reference.html
Build info: version: '2.53.1', revision: 'a36b8b1cd5757287168e54b817830adce9b0158d', time: '2016-06-30 19:26:09'
System info: host: 'EPBYMINW4514', ip: '10.6.176.34', os.name: 'Windows 7', os.arch: 'amd64', os.version: '6.1', java.version: '1.8.0_73'
Driver info: org.openqa.selenium.firefox.FirefoxDriver
Capabilities [{applicationCacheEnabled=true, rotatable=false, handlesAlerts=true, databaseEnabled=true, version=47.0.1, platform=WINDOWS, nativeEvents=false, acceptSslCerts=true, webStorageEnabled=true, locationContextEnabled=true, browserName=firefox, takesScreenshot=true, javascriptEnabled=true, cssSelectorsEnabled=true}]
Session ID: 9215cc9e-25a6-445b-9464-b06cdaadc205
	at com.epam.tat.selenium.tests.MailTest.checkDraft(MailTest.java:103)
	at com.epam.tat.selenium.tests.MailTest.checkDraftExists(MailTest.java:47)
Caused by: org.openqa.selenium.StaleElementReferenceException: 
Element not found in the cache - perhaps the page has changed since it was looked up
For documentation on this error, please visit: http://seleniumhq.org/exceptions/stale_element_reference.html
Build info: version: '2.53.1', revision: 'a36b8b1cd5757287168e54b817830adce9b0158d', time: '2016-06-30 19:26:09'
System info: host: 'EPBYMINW4514', ip: '10.6.176.34', os.name: 'Windows 7', os.arch: 'amd64', os.version: '6.1', java.version: '1.8.0_73'
Driver info: driver.version: unknown
</failure>
  </testcase>
  <testcase name="checkDraftContentTest" classname="com.epam.tat.selenium.tests.MailTest" time="0">
    <skipped message="Method MailTest.checkDraftContentTest()[pri:0, instance:com.epam.tat.selenium.tests.MailTest@6a024a67] depends on not successfully finished methods"/>
  </testcase>
  <testcase name="sendEmail" classname="com.epam.tat.selenium.tests.MailTest" time="0">
    <skipped message="Method MailTest.sendEmail()[pri:0, instance:com.epam.tat.selenium.tests.MailTest@6a024a67] depends on not successfully finished methods"/>
  </testcase>
  <testcase name="checkEmailNotAtDrafts" classname="com.epam.tat.selenium.tests.MailTest" time="0">
    <skipped message="Method MailTest.checkEmailNotAtDrafts()[pri:0, instance:com.epam.tat.selenium.tests.MailTest@6a024a67] depends on not successfully finished methods"/>
  </testcase>
  <testcase name="checkThatEmailWasSend" classname="com.epam.tat.selenium.tests.MailTest" time="0">
    <skipped message="Method MailTest.checkThatEmailWasSend()[pri:0, instance:com.epam.tat.selenium.tests.MailTest@6a024a67] depends on not successfully finished methods"/>
  </testcase>
</testsuite>